Scenario - 
Logfile written - 02/28/2023 13:13:19

Subject	Trial	Event Type	Code	Time	TTime	Uncertainty	Duration	Uncertainty	ReqTime	ReqDur	Stim Type	Pair Index

10	0	Manual	Cond2_Resting_EEG_trials.txt	83	83	NA
10	1	Response	70	17795	17629	1
10	2	Picture	Instruction_close.wav	18166	0	2	16422	2	0	next	other	0
10	2	Quit		28358	10191	NA


{
   "app": "Presentation Version 23.1 Build 09.29.22",
   "device": "Dell Inc. OptiPlex 7050",
   "experiment": "{BDBFB76B-1733-4E04-81E5-285AD2A48582}",
   "os": "Windows 10 64 bit",
   "package": "",
   "parameters": {
      "configuration": "Default configuration"
   },
   "scenario": "RestingState.sce",
   "subject": "10",
   "timestamp": "2023/02/28 12:13:14 GMT"
}
