Scenario - 
Logfile written - 02/28/2023 15:16:45

Subject	Trial	Event Type	Code	Time	TTime	Uncertainty	Duration	Uncertainty	ReqTime	ReqDur	Stim Type	Pair Index

6	0	Manual	Cond2_Resting_EEG_trials.txt	115	115	NA
6	1	Response	1	547019	546853	2
6	2	Picture	Instruction_close.wav	547184	0	2	116646	2	0	next	other	0
6	2	Quit		659099	111915	NA


{
   "app": "Presentation Version 20.1 Build 12.04.17",
   "device": "FUJITSU ",
   "experiment": "{BDBFB76B-1733-4E04-81E5-285AD2A48582}",
   "os": "Windows 10 64 bit",
   "package": "",
   "parameters": {
      "configuration": "Default configuration"
   },
   "scenario": "RestingState.sce",
   "subject": "6",
   "timestamp": "2023/02/28 14:15:37 GMT"
}
